TN:
SF:C:\Users\andre\Documents\Projekte\household\household-server\web\src\main\web\src\polyfills.ts
FNF:0
FNH:0
LF:0
LH:0
BRF:0
BRH:0
end_of_record
TN:
SF:C:\Users\andre\Documents\Projekte\household\household-server\web\src\main\web\src\test.ts
FNF:0
FNH:0
DA:13,1
DA:18,1
DA:20,1
LF:3
LH:3
BRF:0
BRH:0
end_of_record
TN:
SF:C:\Users\andre\Documents\Projekte\household\household-server\web\src\main\web\src\app\abstract-network.service.ts
FN:5,(anonymous_0)
FN:6,(anonymous_1)
FNF:2
FNH:2
FNDA:6,(anonymous_0)
FNDA:6,(anonymous_1)
DA:6,6
DA:7,6
DA:8,6
DA:10,0
LF:4
LH:3
BRDA:7,0,0,6
BRDA:7,0,1,0
BRF:2
BRH:1
end_of_record
TN:
SF:C:\Users\andre\Documents\Projekte\household\household-server\web\src\main\web\src\app\app.component.ts
FN:3,(anonymous_0)
FNF:1
FNH:1
FNDA:1,(anonymous_0)
DA:8,1
DA:9,1
LF:2
LH:2
BRF:0
BRH:0
end_of_record
TN:
SF:C:\Users\andre\Documents\Projekte\household\household-server\web\src\main\web\src\app\custom-xsrf.interceptor.ts
FN:8,(anonymous_0)
FN:10,(anonymous_1)
FNF:2
FNH:1
FNDA:1,(anonymous_0)
FNDA:0,(anonymous_1)
DA:6,1
DA:8,1
DA:11,0
DA:12,0
DA:14,0
DA:15,0
DA:16,0
DA:18,0
LF:8
LH:2
BRDA:11,0,0,0
BRDA:11,0,1,0
BRDA:11,1,0,0
BRDA:11,1,1,0
BRDA:15,2,0,0
BRDA:15,2,1,0
BRDA:15,3,0,0
BRDA:15,3,1,0
BRF:8
BRH:0
end_of_record
TN:
SF:C:\Users\andre\Documents\Projekte\household\household-server\web\src\main\web\src\app\object.utils.ts
FN:3,(anonymous_0)
FNF:1
FNH:1
FNDA:37,(anonymous_0)
DA:4,37
LF:1
LH:1
BRDA:4,0,0,37
BRDA:4,0,1,35
BRDA:4,0,2,8
BRF:3
BRH:3
end_of_record
TN:
SF:C:\Users\andre\Documents\Projekte\household\household-server\web\src\main\web\src\app\string.utils.ts
FN:3,(anonymous_0)
FN:7,(anonymous_1)
FNF:2
FNH:2
FNDA:5,(anonymous_0)
FNDA:10,(anonymous_1)
DA:4,5
DA:8,10
LF:2
LH:2
BRDA:4,0,0,5
BRDA:4,0,1,4
BRDA:4,0,2,3
BRDA:8,1,0,10
BRDA:8,1,1,4
BRDA:8,1,2,3
BRF:6
BRH:6
end_of_record
TN:
SF:C:\Users\andre\Documents\Projekte\household\household-server\web\src\main\web\src\app\user-resolver.service.ts
FN:12,(anonymous_0)
FN:14,(anonymous_1)
FNF:2
FNH:1
FNDA:1,(anonymous_0)
FNDA:0,(anonymous_1)
DA:10,1
DA:12,1
DA:15,0
LF:3
LH:2
BRF:0
BRH:0
end_of_record
TN:
SF:C:\Users\andre\Documents\Projekte\household\household-server\web\src\main\web\src\app\user.service.mock.ts
FN:16,(anonymous_0)
FN:18,(anonymous_1)
FN:22,(anonymous_2)
FN:26,(anonymous_3)
FN:30,(anonymous_4)
FNF:5
FNH:3
FNDA:11,(anonymous_0)
FNDA:0,(anonymous_1)
FNDA:0,(anonymous_2)
FNDA:1,(anonymous_3)
FNDA:2,(anonymous_4)
DA:8,1
DA:10,11
DA:19,0
DA:23,0
DA:27,1
DA:31,2
LF:6
LH:4
BRF:0
BRH:0
end_of_record
TN:
SF:C:\Users\andre\Documents\Projekte\household\household-server\web\src\main\web\src\app\user.service.ts
FN:17,(anonymous_0)
FN:21,(anonymous_1)
FN:25,(anonymous_2)
FN:29,(anonymous_3)
FN:32,(anonymous_4)
FN:36,(anonymous_5)
FN:42,(anonymous_6)
FN:46,(anonymous_7)
FN:52,(anonymous_8)
FN:55,(anonymous_9)
FN:74,(anonymous_10)
FNF:11
FNH:4
FNDA:8,(anonymous_0)
FNDA:1,(anonymous_1)
FNDA:0,(anonymous_2)
FNDA:1,(anonymous_3)
FNDA:2,(anonymous_4)
FNDA:0,(anonymous_5)
FNDA:0,(anonymous_6)
FNDA:0,(anonymous_7)
FNDA:0,(anonymous_8)
FNDA:0,(anonymous_9)
FNDA:0,(anonymous_10)
DA:13,1
DA:15,8
DA:17,8
DA:18,8
DA:22,1
DA:26,0
DA:30,1
DA:32,2
DA:37,0
DA:42,0
DA:47,0
DA:52,0
DA:56,0
DA:57,0
DA:58,0
DA:59,0
DA:61,0
DA:65,0
DA:71,0
DA:75,0
LF:20
LH:7
BRDA:58,0,0,0
BRDA:58,0,1,0
BRF:2
BRH:0
end_of_record
TN:
SF:C:\Users\andre\Documents\Projekte\household\household-server\web\src\main\web\src\app\common-elements\checkbox\checkbox.component.ts
FN:18,(anonymous_0)
FN:20,(anonymous_1)
FNF:2
FNH:2
FNDA:11,(anonymous_0)
FNDA:2,(anonymous_1)
DA:9,1
DA:12,1
DA:14,11
DA:16,11
DA:21,2
DA:22,2
LF:6
LH:6
BRF:0
BRH:0
end_of_record
TN:
SF:C:\Users\andre\Documents\Projekte\household\household-server\web\src\main\web\src\app\common-elements\invitation\invitation.component.ts
FN:18,(anonymous_0)
FN:21,(anonymous_1)
FN:24,(anonymous_2)
FN:27,(anonymous_3)
FN:29,(anonymous_4)
FN:34,(anonymous_5)
FN:36,(anonymous_6)
FNF:7
FNH:3
FNDA:1,(anonymous_0)
FNDA:1,(anonymous_1)
FNDA:1,(anonymous_2)
FNDA:0,(anonymous_3)
FNDA:0,(anonymous_4)
FNDA:0,(anonymous_5)
FNDA:0,(anonymous_6)
DA:12,1
DA:15,1
DA:18,1
DA:19,1
DA:28,0
DA:30,0
DA:35,0
DA:37,0
LF:8
LH:4
BRF:0
BRH:0
end_of_record
TN:
SF:C:\Users\andre\Documents\Projekte\household\household-server\web\src\main\web\src\app\common-elements\invitation\invitation.service.mock.ts
FN:8,(anonymous_0)
FN:10,(anonymous_1)
FNF:2
FNH:1
FNDA:2,(anonymous_0)
FNDA:0,(anonymous_1)
DA:6,1
DA:11,0
LF:2
LH:1
BRF:0
BRH:0
end_of_record
TN:
SF:C:\Users\andre\Documents\Projekte\household\household-server\web\src\main\web\src\app\common-elements\invitation\invitation.service.ts
FN:14,(anonymous_0)
FN:19,(anonymous_1)
FN:33,(anonymous_2)
FN:42,(anonymous_3)
FNF:4
FNH:1
FNDA:1,(anonymous_0)
FNDA:0,(anonymous_1)
FNDA:0,(anonymous_2)
FNDA:0,(anonymous_3)
DA:12,1
DA:14,1
DA:15,1
DA:16,1
DA:20,0
DA:21,0
DA:25,0
DA:34,0
DA:35,0
DA:43,0
DA:44,0
LF:11
LH:4
BRF:0
BRH:0
end_of_record
TN:
SF:C:\Users\andre\Documents\Projekte\household\household-server\web\src\main\web\src\app\common-elements\select-recipe\select-recipe.component.ts
FN:22,(anonymous_0)
FN:24,(anonymous_1)
FN:28,(anonymous_2)
FN:36,(anonymous_3)
FN:40,(anonymous_4)
FNF:5
FNH:5
FNDA:2,(anonymous_0)
FNDA:2,(anonymous_1)
FNDA:4,(anonymous_2)
FNDA:12,(anonymous_3)
FNDA:1,(anonymous_4)
DA:11,1
DA:14,1
DA:16,2
DA:18,2
DA:20,2
DA:25,2
DA:29,4
DA:30,1
DA:32,3
DA:37,12
DA:41,1
DA:42,1
DA:43,1
LF:13
LH:13
BRDA:29,0,0,1
BRDA:29,0,1,3
BRF:2
BRH:2
end_of_record
TN:
SF:C:\Users\andre\Documents\Projekte\household\household-server\web\src\main\web\src\app\common-elements\undo-hint\undo-hint.component.ts
FN:34,(anonymous_0)
FN:36,(anonymous_1)
FN:38,(anonymous_2)
FN:44,(anonymous_3)
FN:45,(anonymous_4)
FN:47,(anonymous_5)
FNF:6
FNH:3
FNDA:1,(anonymous_0)
FNDA:1,(anonymous_1)
FNDA:0,(anonymous_2)
FNDA:1,(anonymous_3)
FNDA:0,(anonymous_4)
FNDA:0,(anonymous_5)
DA:29,1
DA:31,1
DA:32,1
DA:34,1
DA:37,1
DA:39,0
DA:40,0
DA:45,1
DA:48,0
LF:9
LH:6
BRF:0
BRH:0
end_of_record
TN:
SF:C:\Users\andre\Documents\Projekte\household\household-server\web\src\main\web\src\app\household-page\delete-hint.service.ts
FN:12,(anonymous_0)
FN:14,(anonymous_1)
FN:18,(anonymous_2)
FN:22,(anonymous_3)
FN:27,(anonymous_4)
FN:31,(anonymous_5)
FNF:6
FNH:6
FNDA:24,(anonymous_0)
FNDA:25,(anonymous_1)
FNDA:4,(anonymous_2)
FNDA:1,(anonymous_3)
FNDA:1,(anonymous_4)
FNDA:1,(anonymous_5)
DA:7,1
DA:9,24
DA:10,24
DA:15,25
DA:19,4
DA:23,1
DA:24,1
DA:28,1
DA:32,1
LF:9
LH:9
BRF:0
BRH:0
end_of_record
TN:
SF:C:\Users\andre\Documents\Projekte\household\household-server\web\src\main\web\src\app\household-page\delete.interceptor.ts
FN:11,(anonymous_0)
FN:14,(anonymous_1)
FN:18,(anonymous_2)
FN:28,(anonymous_3)
FN:29,(anonymous_4)
FN:30,(anonymous_5)
FN:31,(anonymous_6)
FNF:7
FNH:1
FNDA:1,(anonymous_0)
FNDA:0,(anonymous_1)
FNDA:0,(anonymous_2)
FNDA:0,(anonymous_3)
FNDA:0,(anonymous_4)
FNDA:0,(anonymous_5)
FNDA:0,(anonymous_6)
DA:9,1
DA:11,1
DA:12,1
DA:15,0
DA:16,0
DA:17,0
DA:19,0
DA:20,0
DA:21,0
DA:24,0
DA:26,0
DA:28,0
DA:29,0
DA:30,0
DA:32,0
DA:33,0
DA:37,0
LF:17
LH:3
BRDA:15,0,0,0
BRDA:15,0,1,0
BRF:2
BRH:0
end_of_record
TN:
SF:C:\Users\andre\Documents\Projekte\household\household-server\web\src\main\web\src\app\household-page\household-page.component.ts
FN:23,(anonymous_0)
FN:27,(anonymous_1)
FN:33,(anonymous_2)
FN:34,(anonymous_3)
FN:37,(anonymous_4)
FN:39,(anonymous_5)
FN:44,(anonymous_6)
FN:47,(anonymous_7)
FN:49,(anonymous_8)
FN:53,(anonymous_9)
FN:56,(anonymous_10)
FN:58,(anonymous_11)
FN:62,(anonymous_12)
FN:66,(anonymous_13)
FN:70,(anonymous_14)
FN:71,(anonymous_15)
FNF:16
FNH:9
FNDA:1,(anonymous_0)
FNDA:1,(anonymous_1)
FNDA:1,(anonymous_2)
FNDA:3,(anonymous_3)
FNDA:1,(anonymous_4)
FNDA:1,(anonymous_5)
FNDA:0,(anonymous_6)
FNDA:1,(anonymous_7)
FNDA:1,(anonymous_8)
FNDA:1,(anonymous_9)
FNDA:0,(anonymous_10)
FNDA:0,(anonymous_11)
FNDA:0,(anonymous_12)
FNDA:0,(anonymous_13)
FNDA:0,(anonymous_14)
FNDA:0,(anonymous_15)
DA:15,1
DA:19,1
DA:21,1
DA:23,1
DA:24,1
DA:25,1
DA:28,1
DA:29,1
DA:30,1
DA:34,3
DA:38,1
DA:40,1
DA:41,1
DA:44,1
DA:48,1
DA:49,1
DA:54,1
DA:56,0
DA:58,0
DA:63,0
DA:67,0
DA:68,0
DA:70,0
DA:71,0
LF:24
LH:17
BRF:0
BRH:0
end_of_record
TN:
SF:C:\Users\andre\Documents\Projekte\household\household-server\web\src\main\web\src\app\household-page\household-resolver.service.ts
FN:15,(anonymous_0)
FN:18,(anonymous_1)
FNF:2
FNH:1
FNDA:1,(anonymous_0)
FNDA:0,(anonymous_1)
DA:13,1
DA:15,1
DA:16,1
DA:19,0
DA:20,0
DA:21,0
DA:22,0
DA:24,0
LF:8
LH:3
BRDA:21,0,0,0
BRDA:21,0,1,0
BRF:2
BRH:0
end_of_record
TN:
SF:C:\Users\andre\Documents\Projekte\household\household-server\web\src\main\web\src\app\household-page\household.service.mock.ts
FN:9,(anonymous_0)
FN:11,(anonymous_1)
FN:15,(anonymous_2)
FN:19,(anonymous_3)
FN:21,(anonymous_4)
FNF:5
FNH:3
FNDA:9,(anonymous_0)
FNDA:0,(anonymous_1)
FNDA:0,(anonymous_2)
FNDA:1,(anonymous_3)
FNDA:8,(anonymous_4)
DA:7,1
DA:12,0
DA:16,0
DA:22,8
LF:4
LH:2
BRF:0
BRH:0
end_of_record
TN:
SF:C:\Users\andre\Documents\Projekte\household\household-server\web\src\main\web\src\app\household-page\household.service.ts
FN:17,(anonymous_0)
FN:22,(anonymous_1)
FN:29,(anonymous_2)
FN:33,(anonymous_3)
FN:42,(anonymous_4)
FN:49,(anonymous_5)
FN:56,(anonymous_6)
FN:62,(anonymous_7)
FNF:8
FNH:1
FNDA:2,(anonymous_0)
FNDA:0,(anonymous_1)
FNDA:0,(anonymous_2)
FNDA:0,(anonymous_3)
FNDA:0,(anonymous_4)
FNDA:0,(anonymous_5)
FNDA:0,(anonymous_6)
FNDA:0,(anonymous_7)
DA:13,1
DA:15,2
DA:17,2
DA:18,2
DA:19,2
DA:23,0
DA:24,0
DA:29,0
DA:34,0
DA:35,0
DA:36,0
DA:37,0
DA:42,0
DA:45,0
DA:50,0
DA:51,0
DA:52,0
DA:56,0
DA:58,0
DA:63,0
LF:20
LH:5
BRDA:36,0,0,0
BRDA:36,0,1,0
BRDA:51,1,0,0
BRDA:51,1,1,0
BRF:4
BRH:0
end_of_record
TN:
SF:C:\Users\andre\Documents\Projekte\household\household-server\web\src\main\web\src\app\household-page\loading.interceptor.ts
FN:13,(anonymous_0)
FN:15,(anonymous_1)
FN:19,(anonymous_2)
FN:24,(anonymous_3)
FNF:4
FNH:0
FNDA:0,(anonymous_0)
FNDA:0,(anonymous_1)
FNDA:0,(anonymous_2)
FNDA:0,(anonymous_3)
DA:11,1
DA:13,0
DA:16,0
DA:17,0
DA:20,0
DA:21,0
DA:25,0
DA:26,0
LF:8
LH:1
BRDA:20,0,0,0
BRDA:20,0,1,0
BRF:2
BRH:0
end_of_record
TN:
SF:C:\Users\andre\Documents\Projekte\household\household-server\web\src\main\web\src\app\household-page\loading.service.ts
FN:11,(anonymous_0)
FN:13,(anonymous_1)
FN:17,(anonymous_2)
FNF:3
FNH:3
FNDA:5,(anonymous_0)
FNDA:2,(anonymous_1)
FNDA:3,(anonymous_2)
DA:7,1
DA:9,5
DA:14,2
DA:18,3
LF:4
LH:4
BRF:0
BRH:0
end_of_record
TN:
SF:C:\Users\andre\Documents\Projekte\household\household-server\web\src\main\web\src\app\household-page\cleaning-plan-page\cleaning-plan-page.component.ts
FN:23,(anonymous_0)
FN:27,(anonymous_1)
FN:32,(anonymous_2)
FN:33,(anonymous_3)
FN:36,(anonymous_4)
FN:38,(anonymous_5)
FN:44,(anonymous_6)
FN:51,(anonymous_7)
FN:61,(anonymous_8)
FN:68,(anonymous_9)
FN:69,(anonymous_10)
FN:74,(anonymous_11)
FNF:12
FNH:8
FNDA:1,(anonymous_0)
FNDA:1,(anonymous_1)
FNDA:1,(anonymous_2)
FNDA:1,(anonymous_3)
FNDA:1,(anonymous_4)
FNDA:1,(anonymous_5)
FNDA:1,(anonymous_6)
FNDA:0,(anonymous_7)
FNDA:0,(anonymous_8)
FNDA:1,(anonymous_9)
FNDA:0,(anonymous_10)
FNDA:0,(anonymous_11)
DA:15,1
DA:20,1
DA:21,1
DA:23,1
DA:24,1
DA:25,1
DA:28,1
DA:29,1
DA:33,1
DA:37,1
DA:39,1
DA:45,1
DA:52,0
DA:54,0
DA:60,0
DA:62,0
DA:63,0
DA:64,0
DA:69,1
DA:70,1
DA:71,1
DA:75,0
LF:22
LH:15
BRF:0
BRH:0
end_of_record
TN:
SF:C:\Users\andre\Documents\Projekte\household\household-server\web\src\main\web\src\app\household-page\cleaning-plan-page\cleaning-plan.service.mock.ts
FN:10,(anonymous_0)
FN:12,(anonymous_1)
FN:19,(anonymous_2)
FNF:3
FNH:2
FNDA:7,(anonymous_0)
FNDA:1,(anonymous_1)
FNDA:0,(anonymous_2)
DA:8,1
DA:13,1
DA:20,0
LF:3
LH:2
BRF:0
BRH:0
end_of_record
TN:
SF:C:\Users\andre\Documents\Projekte\household\household-server\web\src\main\web\src\app\household-page\cleaning-plan-page\cleaning-plan.service.ts
FN:15,(anonymous_0)
FN:20,(anonymous_1)
FN:29,(anonymous_2)
FN:40,(anonymous_3)
FN:52,(anonymous_4)
FN:63,(anonymous_5)
FNF:6
FNH:1
FNDA:1,(anonymous_0)
FNDA:0,(anonymous_1)
FNDA:0,(anonymous_2)
FNDA:0,(anonymous_3)
FNDA:0,(anonymous_4)
FNDA:0,(anonymous_5)
DA:13,1
DA:15,1
DA:16,1
DA:17,1
DA:21,0
DA:22,0
DA:30,0
DA:32,0
DA:41,0
DA:42,0
DA:44,0
DA:53,0
DA:55,0
DA:64,0
DA:65,0
LF:15
LH:4
BRF:0
BRH:0
end_of_record
TN:
SF:C:\Users\andre\Documents\Projekte\household\household-server\web\src\main\web\src\app\household-page\cleaning-plan-page\chore\chore.component.ts
FN:30,(anonymous_0)
FN:34,(anonymous_1)
FN:39,(anonymous_2)
FN:40,(anonymous_3)
FN:43,(anonymous_4)
FN:45,(anonymous_5)
FN:51,(anonymous_6)
FN:58,(anonymous_7)
FN:61,(anonymous_8)
FN:67,(anonymous_9)
FN:71,(anonymous_10)
FN:78,(anonymous_11)
FN:85,(anonymous_12)
FN:88,(anonymous_13)
FN:91,(anonymous_14)
FN:96,(anonymous_15)
FN:100,(anonymous_16)
FN:105,(anonymous_17)
FNF:18
FNH:9
FNDA:6,(anonymous_0)
FNDA:6,(anonymous_1)
FNDA:6,(anonymous_2)
FNDA:6,(anonymous_3)
FNDA:6,(anonymous_4)
FNDA:0,(anonymous_5)
FNDA:6,(anonymous_6)
FNDA:0,(anonymous_7)
FNDA:0,(anonymous_8)
FNDA:0,(anonymous_9)
FNDA:0,(anonymous_10)
FNDA:0,(anonymous_11)
FNDA:0,(anonymous_12)
FNDA:0,(anonymous_13)
FNDA:0,(anonymous_14)
FNDA:23,(anonymous_15)
FNDA:24,(anonymous_16)
FNDA:24,(anonymous_17)
DA:14,1
DA:16,1
DA:19,1
DA:21,6
DA:24,6
DA:25,6
DA:26,6
DA:28,6
DA:30,6
DA:31,6
DA:32,6
DA:35,6
DA:36,6
DA:40,6
DA:44,6
DA:46,0
DA:47,0
DA:52,6
DA:59,0
DA:60,0
DA:62,0
DA:63,0
DA:68,0
DA:72,0
DA:74,0
DA:75,0
DA:77,0
DA:79,0
DA:80,0
DA:81,0
DA:86,0
DA:87,0
DA:88,0
DA:92,0
DA:93,0
DA:97,23
DA:101,24
DA:106,24
LF:38
LH:19
BRDA:101,0,0,24
BRDA:101,0,1,20
BRF:2
BRH:2
end_of_record
TN:
SF:C:\Users\andre\Documents\Projekte\household\household-server\web\src\main\web\src\app\household-page\cleaning-plan-page\chore\date.pipe.ts
FN:8,(anonymous_0)
FNF:1
FNH:1
FNDA:1,(anonymous_0)
DA:6,1
DA:9,1
DA:10,1
DA:12,1
LF:4
LH:4
BRF:0
BRH:0
end_of_record
TN:
SF:C:\Users\andre\Documents\Projekte\household\household-server\web\src\main\web\src\app\household-page\cookbook-page\cookbook-action.enum.ts
FN:1,(anonymous_0)
FNF:1
FNH:1
FNDA:1,(anonymous_0)
DA:1,1
DA:2,1
DA:3,1
LF:3
LH:3
BRDA:1,0,0,1
BRDA:1,0,1,1
BRF:2
BRH:2
end_of_record
TN:
SF:C:\Users\andre\Documents\Projekte\household\household-server\web\src\main\web\src\app\household-page\cookbook-page\cookbook-page.component.ts
FN:27,(anonymous_0)
FN:31,(anonymous_1)
FN:36,(anonymous_2)
FN:37,(anonymous_3)
FN:40,(anonymous_4)
FN:42,(anonymous_5)
FN:46,(anonymous_6)
FN:50,(anonymous_7)
FN:52,(anonymous_8)
FN:55,(anonymous_9)
FN:57,(anonymous_10)
FN:59,(anonymous_11)
FN:62,(anonymous_12)
FN:63,(anonymous_13)
FN:69,(anonymous_14)
FNF:15
FNH:11
FNDA:2,(anonymous_0)
FNDA:2,(anonymous_1)
FNDA:2,(anonymous_2)
FNDA:4,(anonymous_3)
FNDA:2,(anonymous_4)
FNDA:2,(anonymous_5)
FNDA:2,(anonymous_6)
FNDA:2,(anonymous_7)
FNDA:2,(anonymous_8)
FNDA:0,(anonymous_9)
FNDA:0,(anonymous_10)
FNDA:0,(anonymous_11)
FNDA:2,(anonymous_12)
FNDA:10,(anonymous_13)
FNDA:0,(anonymous_14)
DA:18,1
DA:25,2
DA:27,2
DA:28,2
DA:29,2
DA:32,2
DA:33,2
DA:37,4
DA:41,2
DA:43,2
DA:45,2
DA:46,2
DA:51,2
DA:52,2
DA:56,0
DA:57,0
DA:58,0
DA:59,0
DA:63,10
DA:64,2
DA:65,2
DA:66,2
DA:70,0
DA:71,0
DA:73,0
LF:25
LH:18
BRDA:70,0,0,0
BRDA:70,0,1,0
BRF:2
BRH:0
end_of_record
TN:
SF:C:\Users\andre\Documents\Projekte\household\household-server\web\src\main\web\src\app\household-page\cookbook-page\cookbook.service.mock.ts
FN:13,(anonymous_0)
FN:15,(anonymous_1)
FN:34,(anonymous_2)
FN:45,(anonymous_3)
FN:49,(anonymous_4)
FN:53,(anonymous_5)
FN:57,(anonymous_6)
FN:61,(anonymous_7)
FN:65,(anonymous_8)
FN:69,(anonymous_9)
FN:73,(anonymous_10)
FNF:11
FNH:11
FNDA:13,(anonymous_0)
FNDA:3,(anonymous_1)
FNDA:5,(anonymous_2)
FNDA:1,(anonymous_3)
FNDA:1,(anonymous_4)
FNDA:1,(anonymous_5)
FNDA:1,(anonymous_6)
FNDA:1,(anonymous_7)
FNDA:1,(anonymous_8)
FNDA:1,(anonymous_9)
FNDA:12,(anonymous_10)
DA:9,1
DA:11,13
DA:16,3
DA:35,5
DA:46,1
DA:50,1
DA:53,1
DA:58,1
DA:61,1
DA:66,1
DA:69,1
DA:74,12
LF:12
LH:12
BRF:0
BRH:0
end_of_record
TN:
SF:C:\Users\andre\Documents\Projekte\household\household-server\web\src\main\web\src\app\household-page\cookbook-page\cookbook.service.ts
FN:20,(anonymous_0)
FN:25,(anonymous_1)
FN:33,(anonymous_2)
FN:37,(anonymous_3)
FN:46,(anonymous_4)
FN:54,(anonymous_5)
FN:58,(anonymous_6)
FN:67,(anonymous_7)
FN:71,(anonymous_8)
FN:80,(anonymous_9)
FN:84,(anonymous_10)
FN:89,(anonymous_11)
FN:94,(anonymous_12)
FN:97,(anonymous_13)
FN:101,(anonymous_14)
FN:104,(anonymous_15)
FNF:16
FNH:1
FNDA:1,(anonymous_0)
FNDA:0,(anonymous_1)
FNDA:0,(anonymous_2)
FNDA:0,(anonymous_3)
FNDA:0,(anonymous_4)
FNDA:0,(anonymous_5)
FNDA:0,(anonymous_6)
FNDA:0,(anonymous_7)
FNDA:0,(anonymous_8)
FNDA:0,(anonymous_9)
FNDA:0,(anonymous_10)
FNDA:0,(anonymous_11)
FNDA:0,(anonymous_12)
FNDA:0,(anonymous_13)
FNDA:0,(anonymous_14)
FNDA:0,(anonymous_15)
DA:15,1
DA:17,1
DA:18,1
DA:20,1
DA:21,1
DA:22,1
DA:26,0
DA:27,0
DA:33,0
DA:38,0
DA:39,0
DA:47,0
DA:48,0
DA:54,0
DA:59,0
DA:60,0
DA:67,0
DA:72,0
DA:73,0
DA:80,0
DA:85,0
DA:90,0
DA:95,0
DA:97,0
DA:102,0
DA:104,0
LF:26
LH:6
BRF:0
BRH:0
end_of_record
TN:
SF:C:\Users\andre\Documents\Projekte\household\household-server\web\src\main\web\src\app\household-page\cookbook-page\add-recipe\add-recipe.component.ts
FN:29,(anonymous_0)
FN:32,(anonymous_1)
FN:36,(anonymous_2)
FN:45,(anonymous_3)
FN:58,(anonymous_4)
FN:62,(anonymous_5)
FN:68,(anonymous_6)
FN:79,(anonymous_7)
FN:83,(anonymous_8)
FN:92,(anonymous_9)
FN:97,(anonymous_10)
FN:106,(anonymous_11)
FN:113,(anonymous_12)
FN:122,(anonymous_13)
FNF:14
FNH:14
FNDA:6,(anonymous_0)
FNDA:6,(anonymous_1)
FNDA:5,(anonymous_2)
FNDA:6,(anonymous_3)
FNDA:1,(anonymous_4)
FNDA:1,(anonymous_5)
FNDA:3,(anonymous_6)
FNDA:1,(anonymous_7)
FNDA:2,(anonymous_8)
FNDA:1,(anonymous_9)
FNDA:1,(anonymous_10)
FNDA:1,(anonymous_11)
FNDA:1,(anonymous_12)
FNDA:3,(anonymous_13)
DA:14,1
DA:17,1
DA:19,1
DA:21,6
DA:23,6
DA:24,6
DA:25,6
DA:29,6
DA:30,6
DA:33,6
DA:37,5
DA:38,2
DA:39,2
DA:40,2
DA:41,2
DA:46,6
DA:51,6
DA:59,1
DA:63,1
DA:64,1
DA:65,1
DA:69,3
DA:74,3
DA:75,3
DA:76,3
DA:80,1
DA:84,2
DA:85,2
DA:86,1
DA:88,1
DA:93,1
DA:94,1
DA:95,1
DA:96,1
DA:98,1
DA:100,1
DA:101,1
DA:102,1
DA:107,1
DA:112,1
DA:114,1
DA:116,1
DA:117,1
DA:118,1
DA:123,3
DA:125,3
DA:126,3
DA:127,3
DA:128,3
DA:129,3
LF:50
LH:50
BRDA:37,0,0,2
BRDA:37,0,1,3
BRDA:85,1,0,1
BRDA:85,1,1,1
BRF:4
BRH:4
end_of_record
TN:
SF:C:\Users\andre\Documents\Projekte\household\household-server\web\src\main\web\src\app\household-page\cookbook-page\recipe\recipe.component.ts
FN:31,(anonymous_0)
FN:34,(anonymous_1)
FN:39,(anonymous_2)
FN:40,(anonymous_3)
FN:43,(anonymous_4)
FN:45,(anonymous_5)
FN:48,(anonymous_6)
FN:51,(anonymous_7)
FN:53,(anonymous_8)
FN:56,(anonymous_9)
FN:60,(anonymous_10)
FN:64,(anonymous_11)
FN:67,(anonymous_12)
FN:76,(anonymous_13)
FN:83,(anonymous_14)
FN:90,(anonymous_15)
FN:93,(anonymous_16)
FNF:17
FNH:12
FNDA:12,(anonymous_0)
FNDA:12,(anonymous_1)
FNDA:12,(anonymous_2)
FNDA:24,(anonymous_3)
FNDA:12,(anonymous_4)
FNDA:0,(anonymous_5)
FNDA:12,(anonymous_6)
FNDA:0,(anonymous_7)
FNDA:0,(anonymous_8)
FNDA:0,(anonymous_9)
FNDA:144,(anonymous_10)
FNDA:4,(anonymous_11)
FNDA:3,(anonymous_12)
FNDA:1,(anonymous_13)
FNDA:0,(anonymous_14)
FNDA:1,(anonymous_15)
FNDA:1,(anonymous_16)
DA:16,1
DA:19,1
DA:21,12
DA:23,12
DA:26,1
DA:28,12
DA:29,12
DA:31,12
DA:32,12
DA:35,12
DA:36,12
DA:40,24
DA:44,12
DA:45,0
DA:49,12
DA:51,0
DA:54,0
DA:55,0
DA:56,0
DA:61,144
DA:65,4
DA:66,3
DA:68,3
DA:69,3
DA:72,1
DA:77,1
DA:84,0
DA:91,1
DA:92,1
DA:93,1
LF:30
LH:24
BRDA:65,0,0,3
BRDA:65,0,1,1
BRF:2
BRH:2
end_of_record
TN:
SF:C:\Users\andre\Documents\Projekte\household\household-server\web\src\main\web\src\app\household-page\cookbook-page\recipe\ingredient\ingredient.component.ts
FN:14,(anonymous_0)
FN:16,(anonymous_1)
FNF:2
FNH:2
FNDA:1,(anonymous_0)
FNDA:1,(anonymous_1)
DA:9,1
DA:12,1
LF:2
LH:2
BRF:0
BRH:0
end_of_record
TN:
SF:C:\Users\andre\Documents\Projekte\household\household-server\web\src\main\web\src\app\household-page\cover-page\cover-page.component.ts
FN:25,(anonymous_0)
FN:30,(anonymous_1)
FN:36,(anonymous_2)
FN:37,(anonymous_3)
FN:40,(anonymous_4)
FN:42,(anonymous_5)
FN:46,(anonymous_6)
FN:48,(anonymous_7)
FN:53,(anonymous_8)
FN:59,(anonymous_9)
FN:66,(anonymous_10)
FN:75,(anonymous_11)
FN:80,(anonymous_12)
FN:87,(anonymous_13)
FN:91,(anonymous_14)
FN:95,(anonymous_15)
FNF:16
FNH:11
FNDA:1,(anonymous_0)
FNDA:1,(anonymous_1)
FNDA:1,(anonymous_2)
FNDA:2,(anonymous_3)
FNDA:1,(anonymous_4)
FNDA:1,(anonymous_5)
FNDA:1,(anonymous_6)
FNDA:1,(anonymous_7)
FNDA:1,(anonymous_8)
FNDA:0,(anonymous_9)
FNDA:0,(anonymous_10)
FNDA:0,(anonymous_11)
FNDA:0,(anonymous_12)
FNDA:2,(anonymous_13)
FNDA:2,(anonymous_14)
FNDA:0,(anonymous_15)
DA:15,1
DA:21,1
DA:22,1
DA:23,1
DA:25,1
DA:26,1
DA:27,1
DA:28,1
DA:31,1
DA:32,1
DA:33,1
DA:37,2
DA:41,1
DA:42,1
DA:47,1
DA:49,1
DA:54,1
DA:60,0
DA:61,0
DA:62,0
DA:67,0
DA:68,0
DA:76,0
DA:77,0
DA:81,0
DA:82,0
DA:84,0
DA:88,2
DA:92,2
DA:96,0
LF:30
LH:19
BRDA:61,0,0,0
BRDA:61,0,1,0
BRDA:81,1,0,0
BRDA:81,1,1,0
BRF:4
BRH:0
end_of_record
TN:
SF:C:\Users\andre\Documents\Projekte\household\household-server\web\src\main\web\src\app\household-page\cover-page\change-password\change-password.component.ts
FN:22,(anonymous_0)
FN:25,(anonymous_1)
FN:38,(anonymous_2)
FN:43,(anonymous_3)
FN:43,(anonymous_4)
FN:46,(anonymous_5)
FN:53,(anonymous_6)
FN:60,(anonymous_7)
FNF:8
FNH:2
FNDA:2,(anonymous_0)
FNDA:2,(anonymous_1)
FNDA:0,(anonymous_2)
FNDA:0,(anonymous_3)
FNDA:0,(anonymous_4)
FNDA:0,(anonymous_5)
FNDA:0,(anonymous_6)
FNDA:0,(anonymous_7)
DA:12,1
DA:15,1
DA:18,2
DA:19,2
DA:20,2
DA:22,2
DA:23,2
DA:26,2
DA:27,2
DA:29,2
DA:39,0
DA:40,0
DA:41,0
DA:42,0
DA:43,0
DA:47,0
DA:48,0
DA:49,0
DA:50,0
DA:54,0
DA:55,0
DA:56,0
DA:57,0
DA:61,0
DA:62,0
LF:25
LH:10
BRF:0
BRH:0
end_of_record
TN:
SF:C:\Users\andre\Documents\Projekte\household\household-server\web\src\main\web\src\app\household-page\cover-page\change-password\password-validation.ts
FN:5,(anonymous_0)
FNF:1
FNH:1
FNDA:10,(anonymous_0)
DA:7,10
DA:8,10
DA:9,10
DA:10,0
DA:12,10
LF:5
LH:4
BRDA:9,0,0,0
BRDA:9,0,1,10
BRF:2
BRH:1
end_of_record
TN:
SF:C:\Users\andre\Documents\Projekte\household\household-server\web\src\main\web\src\app\household-page\food-plan-page\food-plan-page.component.ts
FN:34,(anonymous_0)
FN:41,(anonymous_1)
FN:49,(anonymous_2)
FN:50,(anonymous_3)
FN:53,(anonymous_4)
FN:55,(anonymous_5)
FN:58,(anonymous_6)
FN:60,(anonymous_7)
FN:62,(anonymous_8)
FN:65,(anonymous_9)
FN:68,(anonymous_10)
FN:72,(anonymous_11)
FN:74,(anonymous_12)
FN:77,(anonymous_13)
FN:79,(anonymous_14)
FN:82,(anonymous_15)
FN:86,(anonymous_16)
FN:90,(anonymous_17)
FN:97,(anonymous_18)
FN:101,(anonymous_19)
FN:111,(anonymous_20)
FN:116,(anonymous_21)
FN:120,(anonymous_22)
FN:124,(anonymous_23)
FN:126,(anonymous_24)
FN:128,(anonymous_25)
FNF:26
FNH:15
FNDA:1,(anonymous_0)
FNDA:1,(anonymous_1)
FNDA:1,(anonymous_2)
FNDA:4,(anonymous_3)
FNDA:1,(anonymous_4)
FNDA:0,(anonymous_5)
FNDA:1,(anonymous_6)
FNDA:1,(anonymous_7)
FNDA:1,(anonymous_8)
FNDA:1,(anonymous_9)
FNDA:1,(anonymous_10)
FNDA:1,(anonymous_11)
FNDA:1,(anonymous_12)
FNDA:1,(anonymous_13)
FNDA:0,(anonymous_14)
FNDA:1,(anonymous_15)
FNDA:0,(anonymous_16)
FNDA:0,(anonymous_17)
FNDA:2,(anonymous_18)
FNDA:0,(anonymous_19)
FNDA:0,(anonymous_20)
FNDA:0,(anonymous_21)
FNDA:0,(anonymous_22)
FNDA:0,(anonymous_23)
FNDA:0,(anonymous_24)
FNDA:0,(anonymous_25)
DA:22,1
DA:31,1
DA:32,1
DA:34,1
DA:35,1
DA:36,1
DA:37,1
DA:38,1
DA:39,1
DA:42,1
DA:43,1
DA:44,1
DA:45,1
DA:46,1
DA:50,4
DA:54,1
DA:55,0
DA:59,1
DA:61,1
DA:62,1
DA:64,1
DA:65,1
DA:67,1
DA:68,1
DA:73,1
DA:74,1
DA:78,1
DA:79,0
DA:83,1
DA:87,0
DA:89,0
DA:91,0
DA:92,0
DA:93,0
DA:98,2
DA:102,0
DA:103,0
DA:104,0
DA:105,0
DA:106,0
DA:107,0
DA:108,0
DA:112,0
DA:113,0
DA:117,0
DA:121,0
DA:123,0
DA:124,0
DA:125,0
DA:127,0
DA:129,0
DA:130,0
DA:131,0
DA:132,0
LF:54
LH:28
BRF:0
BRH:0
end_of_record
TN:
SF:C:\Users\andre\Documents\Projekte\household\household-server\web\src\main\web\src\app\household-page\food-plan-page\food-plan.service.mock.ts
FN:11,(anonymous_0)
FN:13,(anonymous_1)
FN:48,(anonymous_2)
FN:52,(anonymous_3)
FNF:4
FNH:2
FNDA:3,(anonymous_0)
FNDA:1,(anonymous_1)
FNDA:0,(anonymous_2)
FNDA:0,(anonymous_3)
DA:9,1
DA:14,1
DA:49,0
DA:53,0
LF:4
LH:2
BRF:0
BRH:0
end_of_record
TN:
SF:C:\Users\andre\Documents\Projekte\household\household-server\web\src\main\web\src\app\household-page\food-plan-page\food-plan.service.ts
FN:17,(anonymous_0)
FN:22,(anonymous_1)
FN:31,(anonymous_2)
FN:48,(anonymous_3)
FN:56,(anonymous_4)
FN:64,(anonymous_5)
FNF:6
FNH:4
FNDA:2,(anonymous_0)
FNDA:0,(anonymous_1)
FNDA:1,(anonymous_2)
FNDA:1,(anonymous_3)
FNDA:1,(anonymous_4)
FNDA:0,(anonymous_5)
DA:15,1
DA:17,2
DA:18,2
DA:19,2
DA:23,0
DA:24,0
DA:32,1
DA:34,1
DA:40,1
DA:49,1
DA:50,1
DA:51,1
DA:53,0
DA:57,1
DA:58,1
DA:59,1
DA:61,0
DA:65,0
DA:66,0
LF:19
LH:13
BRDA:49,0,0,1
BRDA:49,0,1,0
BRDA:57,1,0,1
BRDA:57,1,1,0
BRF:4
BRH:2
end_of_record
TN:
SF:C:\Users\andre\Documents\Projekte\household\household-server\web\src\main\web\src\app\household-page\food-plan-page\meal\meal.component.ts
FN:40,(anonymous_0)
FN:44,(anonymous_1)
FN:48,(anonymous_2)
FN:49,(anonymous_3)
FN:52,(anonymous_4)
FN:54,(anonymous_5)
FN:58,(anonymous_6)
FN:66,(anonymous_7)
FN:72,(anonymous_8)
FN:76,(anonymous_9)
FN:78,(anonymous_10)
FN:89,(anonymous_11)
FN:90,(anonymous_12)
FN:93,(anonymous_13)
FN:97,(anonymous_14)
FN:98,(anonymous_15)
FN:101,(anonymous_16)
FN:102,(anonymous_17)
FN:105,(anonymous_18)
FN:107,(anonymous_19)
FN:108,(anonymous_20)
FNF:21
FNH:11
FNDA:9,(anonymous_0)
FNDA:9,(anonymous_1)
FNDA:9,(anonymous_2)
FNDA:0,(anonymous_3)
FNDA:9,(anonymous_4)
FNDA:3,(anonymous_5)
FNDA:3,(anonymous_6)
FNDA:9,(anonymous_7)
FNDA:9,(anonymous_8)
FNDA:2,(anonymous_9)
FNDA:2,(anonymous_10)
FNDA:0,(anonymous_11)
FNDA:0,(anonymous_12)
FNDA:0,(anonymous_13)
FNDA:0,(anonymous_14)
FNDA:0,(anonymous_15)
FNDA:22,(anonymous_16)
FNDA:0,(anonymous_17)
FNDA:0,(anonymous_18)
FNDA:0,(anonymous_19)
FNDA:0,(anonymous_20)
DA:19,1
DA:22,1
DA:24,1
DA:26,1
DA:28,1
DA:30,1
DA:32,9
DA:34,9
DA:36,9
DA:38,9
DA:40,9
DA:41,9
DA:42,9
DA:45,9
DA:49,9
DA:53,9
DA:54,9
DA:55,9
DA:59,3
DA:60,3
DA:61,3
DA:64,3
DA:65,3
DA:66,9
DA:68,0
DA:73,9
DA:77,2
DA:79,2
DA:80,2
DA:81,2
DA:82,2
DA:90,0
DA:91,0
DA:92,0
DA:93,0
DA:98,0
DA:102,22
DA:106,0
DA:108,0
DA:109,0
LF:40
LH:31
BRDA:60,0,0,3
BRDA:60,0,1,0
BRDA:64,1,0,3
BRDA:64,1,1,0
BRDA:102,2,0,22
BRDA:102,2,1,22
BRF:6
BRH:4
end_of_record
TN:
SF:C:\Users\andre\Documents\Projekte\household\household-server\web\src\main\web\src\app\household-page\loading\loading.component.ts
FN:16,(anonymous_0)
FN:18,(anonymous_1)
FN:20,(anonymous_2)
FN:23,(anonymous_3)
FN:24,(anonymous_4)
FNF:5
FNH:4
FNDA:1,(anonymous_0)
FNDA:1,(anonymous_1)
FNDA:0,(anonymous_2)
FNDA:1,(anonymous_3)
FNDA:1,(anonymous_4)
DA:10,1
DA:12,1
DA:14,1
DA:16,1
DA:19,1
DA:20,0
DA:24,1
LF:7
LH:6
BRF:0
BRH:0
end_of_record
TN:
SF:C:\Users\andre\Documents\Projekte\household\household-server\web\src\main\web\src\app\household-page\no-household\no-household.component.ts
FN:21,(anonymous_0)
FN:24,(anonymous_1)
FN:26,(anonymous_2)
FN:29,(anonymous_3)
FN:30,(anonymous_4)
FN:33,(anonymous_5)
FN:35,(anonymous_6)
FN:38,(anonymous_7)
FN:42,(anonymous_8)
FN:45,(anonymous_9)
FN:46,(anonymous_10)
FNF:11
FNH:4
FNDA:1,(anonymous_0)
FNDA:1,(anonymous_1)
FNDA:0,(anonymous_2)
FNDA:1,(anonymous_3)
FNDA:1,(anonymous_4)
FNDA:0,(anonymous_5)
FNDA:0,(anonymous_6)
FNDA:0,(anonymous_7)
FNDA:0,(anonymous_8)
FNDA:0,(anonymous_9)
FNDA:0,(anonymous_10)
DA:12,1
DA:15,1
DA:17,1
DA:19,1
DA:21,1
DA:22,1
DA:25,1
DA:26,0
DA:30,1
DA:34,0
DA:39,0
DA:43,0
DA:45,0
DA:46,0
LF:14
LH:8
BRF:0
BRH:0
end_of_record
TN:
SF:C:\Users\andre\Documents\Projekte\household\household-server\web\src\main\web\src\app\household-page\shopping-list-page\shopping-list-page.component.ts
FN:22,(anonymous_0)
FN:26,(anonymous_1)
FN:31,(anonymous_2)
FN:32,(anonymous_3)
FN:35,(anonymous_4)
FN:37,(anonymous_5)
FN:39,(anonymous_6)
FN:43,(anonymous_7)
FN:49,(anonymous_8)
FN:53,(anonymous_9)
FN:59,(anonymous_10)
FN:65,(anonymous_11)
FNF:12
FNH:11
FNDA:2,(anonymous_0)
FNDA:2,(anonymous_1)
FNDA:2,(anonymous_2)
FNDA:2,(anonymous_3)
FNDA:2,(anonymous_4)
FNDA:2,(anonymous_5)
FNDA:2,(anonymous_6)
FNDA:2,(anonymous_7)
FNDA:1,(anonymous_8)
FNDA:1,(anonymous_9)
FNDA:1,(anonymous_10)
FNDA:0,(anonymous_11)
DA:14,1
DA:19,2
DA:20,2
DA:22,2
DA:23,2
DA:24,2
DA:27,2
DA:28,2
DA:32,2
DA:36,2
DA:38,2
DA:39,2
DA:44,2
DA:50,1
DA:51,1
DA:52,1
DA:54,1
DA:55,1
DA:60,1
DA:61,1
DA:62,1
DA:66,0
LF:22
LH:21
BRF:0
BRH:0
end_of_record
TN:
SF:C:\Users\andre\Documents\Projekte\household\household-server\web\src\main\web\src\app\household-page\shopping-list-page\shopping-list.service.mock.ts
FN:9,(anonymous_0)
FN:11,(anonymous_1)
FN:18,(anonymous_2)
FN:22,(anonymous_3)
FNF:4
FNH:3
FNDA:11,(anonymous_0)
FNDA:5,(anonymous_1)
FNDA:0,(anonymous_2)
FNDA:3,(anonymous_3)
DA:7,1
DA:12,5
DA:19,0
DA:23,3
LF:4
LH:3
BRF:0
BRH:0
end_of_record
TN:
SF:C:\Users\andre\Documents\Projekte\household\household-server\web\src\main\web\src\app\household-page\shopping-list-page\shopping-list.service.ts
FN:19,(anonymous_0)
FN:24,(anonymous_1)
FN:32,(anonymous_2)
FN:36,(anonymous_3)
FN:51,(anonymous_4)
FN:55,(anonymous_5)
FN:63,(anonymous_6)
FN:67,(anonymous_7)
FN:75,(anonymous_8)
FN:79,(anonymous_9)
FN:87,(anonymous_10)
FN:91,(anonymous_11)
FN:93,(anonymous_12)
FN:108,(anonymous_13)
FN:112,(anonymous_14)
FN:120,(anonymous_15)
FN:124,(anonymous_16)
FNF:17
FNH:8
FNDA:4,(anonymous_0)
FNDA:1,(anonymous_1)
FNDA:1,(anonymous_2)
FNDA:1,(anonymous_3)
FNDA:1,(anonymous_4)
FNDA:0,(anonymous_5)
FNDA:0,(anonymous_6)
FNDA:0,(anonymous_7)
FNDA:0,(anonymous_8)
FNDA:0,(anonymous_9)
FNDA:0,(anonymous_10)
FNDA:1,(anonymous_11)
FNDA:1,(anonymous_12)
FNDA:1,(anonymous_13)
FNDA:0,(anonymous_14)
FNDA:0,(anonymous_15)
FNDA:0,(anonymous_16)
DA:15,1
DA:17,4
DA:19,4
DA:20,4
DA:21,4
DA:25,1
DA:26,1
DA:32,1
DA:37,1
DA:38,1
DA:44,1
DA:51,1
DA:56,0
DA:57,0
DA:63,0
DA:68,0
DA:69,0
DA:75,0
DA:80,0
DA:81,0
DA:87,0
DA:92,1
DA:93,1
DA:94,1
DA:101,1
DA:108,1
DA:113,0
DA:114,0
DA:120,0
DA:125,0
LF:30
LH:17
BRF:0
BRH:0
end_of_record
TN:
SF:C:\Users\andre\Documents\Projekte\household\household-server\web\src\main\web\src\app\household-page\shopping-list-page\shopping-list-group\shopping-list-group.component.ts
FN:32,(anonymous_0)
FN:36,(anonymous_1)
FN:43,(anonymous_2)
FN:45,(anonymous_3)
FN:47,(anonymous_4)
FN:50,(anonymous_5)
FN:51,(anonymous_6)
FN:54,(anonymous_7)
FN:56,(anonymous_8)
FN:59,(anonymous_9)
FN:63,(anonymous_10)
FN:69,(anonymous_11)
FN:78,(anonymous_12)
FN:94,(anonymous_13)
FN:98,(anonymous_14)
FN:105,(anonymous_15)
FN:109,(anonymous_16)
FN:115,(anonymous_17)
FN:122,(anonymous_18)
FN:124,(anonymous_19)
FN:125,(anonymous_20)
FN:128,(anonymous_21)
FN:133,(anonymous_22)
FN:139,(anonymous_23)
FN:141,(anonymous_24)
FN:145,(anonymous_25)
FNF:26
FNH:14
FNDA:5,(anonymous_0)
FNDA:5,(anonymous_1)
FNDA:1,(anonymous_2)
FNDA:2,(anonymous_3)
FNDA:1,(anonymous_4)
FNDA:5,(anonymous_5)
FNDA:5,(anonymous_6)
FNDA:5,(anonymous_7)
FNDA:0,(anonymous_8)
FNDA:0,(anonymous_9)
FNDA:5,(anonymous_10)
FNDA:5,(anonymous_11)
FNDA:1,(anonymous_12)
FNDA:10,(anonymous_13)
FNDA:0,(anonymous_14)
FNDA:0,(anonymous_15)
FNDA:0,(anonymous_16)
FNDA:0,(anonymous_17)
FNDA:0,(anonymous_18)
FNDA:0,(anonymous_19)
FNDA:0,(anonymous_20)
FNDA:0,(anonymous_21)
FNDA:0,(anonymous_22)
FNDA:5,(anonymous_23)
FNDA:10,(anonymous_24)
FNDA:0,(anonymous_25)
DA:16,1
DA:19,1
DA:21,5
DA:26,5
DA:27,5
DA:28,5
DA:30,5
DA:32,5
DA:33,5
DA:34,5
DA:37,5
DA:38,5
DA:39,5
DA:40,5
DA:44,1
DA:45,2
DA:46,1
DA:47,1
DA:51,5
DA:55,5
DA:57,0
DA:58,0
DA:59,0
DA:64,5
DA:70,5
DA:71,5
DA:72,5
DA:74,0
DA:79,1
DA:80,0
DA:81,0
DA:83,0
DA:86,1
DA:87,0
DA:89,1
DA:95,10
DA:99,0
DA:100,0
DA:101,0
DA:106,0
DA:107,0
DA:108,0
DA:110,0
DA:111,0
DA:116,0
DA:117,0
DA:118,0
DA:123,0
DA:124,0
DA:125,0
DA:129,0
DA:134,0
DA:136,0
DA:140,5
DA:141,10
DA:146,0
DA:147,0
LF:57
LH:30
BRDA:46,0,0,1
BRDA:46,0,1,1
BRDA:71,1,0,5
BRDA:71,1,1,0
BRDA:79,2,0,0
BRDA:79,2,1,1
BRDA:80,3,0,0
BRDA:80,3,1,0
BRDA:86,4,0,0
BRDA:86,4,1,1
BRF:10
BRH:5
end_of_record
TN:
SF:C:\Users\andre\Documents\Projekte\household\household-server\web\src\main\web\src\app\household-page\shopping-list-page\shopping-list-group\progress-bar\progress-bar.component.ts
FN:18,(anonymous_0)
FN:20,(anonymous_1)
FN:30,(anonymous_2)
FN:34,(anonymous_3)
FN:38,(anonymous_4)
FNF:5
FNH:5
FNDA:5,(anonymous_0)
FNDA:5,(anonymous_1)
FNDA:15,(anonymous_2)
FNDA:15,(anonymous_3)
FNDA:15,(anonymous_4)
DA:8,1
DA:11,1
DA:13,1
DA:21,5
DA:22,4
DA:23,4
DA:25,1
DA:26,1
DA:31,15
DA:35,15
DA:39,15
LF:11
LH:11
BRDA:21,0,0,4
BRDA:21,0,1,1
BRDA:35,1,0,15
BRDA:35,1,1,9
BRF:4
BRH:4
end_of_record
TN:
SF:C:\Users\andre\Documents\Projekte\household\household-server\web\src\main\web\src\app\household-page\shopping-list-page\shopping-list-group\shopping-list-item\shopping-list-item.component.ts
FN:18,(anonymous_0)
FN:20,(anonymous_1)
FN:22,(anonymous_2)
FNF:3
FNH:1
FNDA:1,(anonymous_0)
FNDA:0,(anonymous_1)
FNDA:0,(anonymous_2)
DA:11,1
DA:14,1
DA:16,1
DA:18,1
DA:21,0
DA:23,0
LF:6
LH:4
BRF:0
BRH:0
end_of_record
TN:
SF:C:\Users\andre\Documents\Projekte\household\household-server\web\src\main\web\src\environments\environment.ts
FNF:0
FNH:0
DA:5,1
LF:1
LH:1
BRF:0
BRH:0
end_of_record
